2025-10-05 01:16:47 - document_processor - INFO - __init__:25 - DocumentProcessor initialized
2025-10-05 01:16:47 - document_processor - INFO - __init__:25 - DocumentProcessor initialized
2025-10-05 01:16:48 - document_processor - INFO - __init__:25 - DocumentProcessor initialized
2025-10-05 01:17:06 - document_processor - INFO - process_uploaded_file:137 - Starting complete processing for: 258320c0-f121-4cfa-8846-24343be9678f.pdf
2025-10-05 01:17:06 - document_processor - INFO - extract_text_from_pdf:30 - Extracting text from PDF: 258320c0-f121-4cfa-8846-24343be9678f.pdf
2025-10-05 01:17:08 - document_processor - INFO - extract_text_from_pdf:42 - Successfully extracted 75911 characters from 23 pages
2025-10-05 01:17:08 - document_processor - INFO - extract_metadata:52 - Extracting metadata from: 258320c0-f121-4cfa-8846-24343be9678f.pdf
2025-10-05 01:17:08 - document_processor - INFO - extract_metadata:70 - Metadata extracted: {'filename': '258320c0-f121-4cfa-8846-24343be9678f.pdf', 'pages': 23, 'file_size_mb': 1.53, 'creator': 'pdftk 2.02 - www.pdftk.com', 'producer': 'itext-paulo-155 (itextpdf.sf.net-lowagie.com)', 'creation_date': '2025-09-08 13:33:52+00:00', 'modification_date': '2025-09-08 13:33:52+00:00'}
2025-10-05 01:17:08 - document_processor - INFO - analyze_document_content:80 - Analyzing document content
2025-10-05 01:17:08 - document_processor - INFO - analyze_document_content:98 - Document analysis complete
2025-10-05 01:17:08 - document_processor - INFO - split_into_chunks:108 - Splitting text into chunks (size: 1000, overlap: 200)
2025-10-05 01:17:08 - document_processor - INFO - split_into_chunks:127 - Created 100 document chunks
2025-10-05 01:17:08 - document_processor - INFO - process_uploaded_file:144 - Processing complete for 258320c0-f121-4cfa-8846-24343be9678f.pdf
2025-10-05 01:24:48 - document_processor - INFO - __init__:25 - DocumentProcessor initialized
2025-10-05 01:24:48 - document_processor - INFO - __init__:25 - DocumentProcessor initialized
2025-10-05 01:24:49 - document_processor - INFO - __init__:25 - DocumentProcessor initialized
2025-10-05 01:24:58 - document_processor - INFO - process_uploaded_file:137 - Starting complete processing for: 258320c0-f121-4cfa-8846-24343be9678f.pdf
2025-10-05 01:24:58 - document_processor - INFO - extract_text_from_pdf:30 - Extracting text from PDF: 258320c0-f121-4cfa-8846-24343be9678f.pdf
2025-10-05 01:25:00 - document_processor - INFO - extract_text_from_pdf:42 - Successfully extracted 75911 characters from 23 pages
2025-10-05 01:25:00 - document_processor - INFO - extract_metadata:52 - Extracting metadata from: 258320c0-f121-4cfa-8846-24343be9678f.pdf
2025-10-05 01:25:00 - document_processor - INFO - extract_metadata:70 - Metadata extracted: {'filename': '258320c0-f121-4cfa-8846-24343be9678f.pdf', 'pages': 23, 'file_size_mb': 1.53, 'creator': 'pdftk 2.02 - www.pdftk.com', 'producer': 'itext-paulo-155 (itextpdf.sf.net-lowagie.com)', 'creation_date': '2025-09-08 13:33:52+00:00', 'modification_date': '2025-09-08 13:33:52+00:00'}
2025-10-05 01:25:00 - document_processor - INFO - analyze_document_content:80 - Analyzing document content
2025-10-05 01:25:00 - document_processor - INFO - analyze_document_content:98 - Document analysis complete
2025-10-05 01:25:00 - document_processor - INFO - split_into_chunks:108 - Splitting text into chunks (size: 1000, overlap: 200)
2025-10-05 01:25:00 - document_processor - INFO - split_into_chunks:127 - Created 100 document chunks
2025-10-05 01:25:00 - document_processor - INFO - process_uploaded_file:144 - Processing complete for 258320c0-f121-4cfa-8846-24343be9678f.pdf
2025-10-05 01:29:45 - document_processor - INFO - __init__:25 - DocumentProcessor initialized
2025-10-05 01:29:52 - document_processor - INFO - process_uploaded_file:137 - Starting complete processing for: 258320c0-f121-4cfa-8846-24343be9678f.pdf
2025-10-05 01:29:52 - document_processor - INFO - extract_text_from_pdf:30 - Extracting text from PDF: 258320c0-f121-4cfa-8846-24343be9678f.pdf
2025-10-05 01:29:55 - document_processor - INFO - extract_text_from_pdf:42 - Successfully extracted 75911 characters from 23 pages
2025-10-05 01:29:55 - document_processor - INFO - extract_metadata:52 - Extracting metadata from: 258320c0-f121-4cfa-8846-24343be9678f.pdf
2025-10-05 01:29:55 - document_processor - INFO - extract_metadata:70 - Metadata extracted: {'filename': '258320c0-f121-4cfa-8846-24343be9678f.pdf', 'pages': 23, 'file_size_mb': 1.53, 'creator': 'pdftk 2.02 - www.pdftk.com', 'producer': 'itext-paulo-155 (itextpdf.sf.net-lowagie.com)', 'creation_date': '2025-09-08 13:33:52+00:00', 'modification_date': '2025-09-08 13:33:52+00:00'}
2025-10-05 01:29:55 - document_processor - INFO - analyze_document_content:80 - Analyzing document content
2025-10-05 01:29:55 - document_processor - INFO - analyze_document_content:98 - Document analysis complete
2025-10-05 01:29:55 - document_processor - INFO - split_into_chunks:108 - Splitting text into chunks (size: 1000, overlap: 200)
2025-10-05 01:29:55 - document_processor - INFO - split_into_chunks:127 - Created 100 document chunks
2025-10-05 01:29:55 - document_processor - INFO - process_uploaded_file:144 - Processing complete for 258320c0-f121-4cfa-8846-24343be9678f.pdf
2025-10-05 01:33:54 - document_processor - INFO - __init__:25 - DocumentProcessor initialized
2025-10-05 01:34:10 - document_processor - INFO - process_uploaded_file:137 - Starting complete processing for: 6e959189-c84c-4bf9-8006-6959fa863e8e.pdf
2025-10-05 01:34:10 - document_processor - INFO - extract_text_from_pdf:30 - Extracting text from PDF: 6e959189-c84c-4bf9-8006-6959fa863e8e.pdf
2025-10-05 01:34:35 - document_processor - INFO - extract_text_from_pdf:42 - Successfully extracted 430737 characters from 128 pages
2025-10-05 01:34:35 - document_processor - INFO - extract_metadata:52 - Extracting metadata from: 6e959189-c84c-4bf9-8006-6959fa863e8e.pdf
2025-10-05 01:34:35 - document_processor - INFO - extract_metadata:70 - Metadata extracted: {'filename': '6e959189-c84c-4bf9-8006-6959fa863e8e.pdf', 'pages': 128, 'file_size_mb': 1.6, 'creator': 'pdftk 2.02 - www.pdftk.com', 'producer': 'itext-paulo-155 (itextpdf.sf.net-lowagie.com)', 'creation_date': '2025-09-05 21:54:48+00:00', 'modification_date': '2025-09-05 21:54:48+00:00'}
2025-10-05 01:34:35 - document_processor - INFO - analyze_document_content:80 - Analyzing document content
2025-10-05 01:34:35 - document_processor - INFO - analyze_document_content:98 - Document analysis complete
2025-10-05 01:34:35 - document_processor - INFO - split_into_chunks:108 - Splitting text into chunks (size: 1000, overlap: 200)
2025-10-05 01:34:35 - document_processor - INFO - split_into_chunks:127 - Created 576 document chunks
2025-10-05 01:34:35 - document_processor - INFO - process_uploaded_file:144 - Processing complete for 6e959189-c84c-4bf9-8006-6959fa863e8e.pdf
2025-10-05 01:40:56 - document_processor - INFO - __init__:25 - DocumentProcessor initialized
2025-10-05 01:41:05 - document_processor - INFO - process_uploaded_file:137 - Starting complete processing for: 6e959189-c84c-4bf9-8006-6959fa863e8e.pdf
2025-10-05 01:41:05 - document_processor - INFO - extract_text_from_pdf:30 - Extracting text from PDF: 6e959189-c84c-4bf9-8006-6959fa863e8e.pdf
2025-10-05 01:41:27 - document_processor - INFO - extract_text_from_pdf:42 - Successfully extracted 430737 characters from 128 pages
2025-10-05 01:41:27 - document_processor - INFO - extract_metadata:52 - Extracting metadata from: 6e959189-c84c-4bf9-8006-6959fa863e8e.pdf
2025-10-05 01:41:27 - document_processor - INFO - extract_metadata:70 - Metadata extracted: {'filename': '6e959189-c84c-4bf9-8006-6959fa863e8e.pdf', 'pages': 128, 'file_size_mb': 1.6, 'creator': 'pdftk 2.02 - www.pdftk.com', 'producer': 'itext-paulo-155 (itextpdf.sf.net-lowagie.com)', 'creation_date': '2025-09-05 21:54:48+00:00', 'modification_date': '2025-09-05 21:54:48+00:00'}
2025-10-05 01:41:27 - document_processor - INFO - analyze_document_content:80 - Analyzing document content
2025-10-05 01:41:27 - document_processor - INFO - analyze_document_content:98 - Document analysis complete
2025-10-05 01:41:27 - document_processor - INFO - split_into_chunks:108 - Splitting text into chunks (size: 1000, overlap: 200)
2025-10-05 01:41:27 - document_processor - INFO - split_into_chunks:127 - Created 576 document chunks
2025-10-05 01:41:27 - document_processor - INFO - process_uploaded_file:144 - Processing complete for 6e959189-c84c-4bf9-8006-6959fa863e8e.pdf
2025-10-05 01:47:50 - document_processor - INFO - __init__:25 - DocumentProcessor initialized
2025-10-05 01:47:52 - document_processor - INFO - __init__:25 - DocumentProcessor initialized
2025-10-05 01:48:01 - document_processor - INFO - process_uploaded_file:137 - Starting complete processing for: 258320c0-f121-4cfa-8846-24343be9678f.pdf
2025-10-05 01:48:01 - document_processor - INFO - extract_text_from_pdf:30 - Extracting text from PDF: 258320c0-f121-4cfa-8846-24343be9678f.pdf
2025-10-05 01:48:04 - document_processor - INFO - extract_text_from_pdf:42 - Successfully extracted 75911 characters from 23 pages
2025-10-05 01:48:04 - document_processor - INFO - extract_metadata:52 - Extracting metadata from: 258320c0-f121-4cfa-8846-24343be9678f.pdf
2025-10-05 01:48:04 - document_processor - INFO - extract_metadata:70 - Metadata extracted: {'filename': '258320c0-f121-4cfa-8846-24343be9678f.pdf', 'pages': 23, 'file_size_mb': 1.53, 'creator': 'pdftk 2.02 - www.pdftk.com', 'producer': 'itext-paulo-155 (itextpdf.sf.net-lowagie.com)', 'creation_date': '2025-09-08 13:33:52+00:00', 'modification_date': '2025-09-08 13:33:52+00:00'}
2025-10-05 01:48:04 - document_processor - INFO - analyze_document_content:80 - Analyzing document content
2025-10-05 01:48:04 - document_processor - INFO - analyze_document_content:98 - Document analysis complete
2025-10-05 01:48:04 - document_processor - INFO - split_into_chunks:108 - Splitting text into chunks (size: 1000, overlap: 200)
2025-10-05 01:48:04 - document_processor - INFO - split_into_chunks:127 - Created 100 document chunks
2025-10-05 01:48:04 - document_processor - INFO - process_uploaded_file:144 - Processing complete for 258320c0-f121-4cfa-8846-24343be9678f.pdf
